<?xml version="1.0" encoding="UTF-8" ?>
<testsuite failures="0" time="84.2" errors="0" skipped="0" tests="40" name="fundtransfer.test.RunCukesTest">
  <properties>
[...]
</properties>
  <testcase time="0" classname="Given the user is on Fund Transfer Page   " name="Given the user is on Fund Transfer Page   "/>
  <testcase time="0" classname="When he enters \&quot;Jim\&quot; as payee name    " name="When he enters \&quot;Jim\&quot; as payee name    "/>
  <testcase time="0" classname="And he enters \&quot;100\&quot; as amount     " name="And he enters \&quot;100\&quot; as amount     "/>
  <testcase time="0" classname="And he Submits request for Fund Transfer      " name="And he Submits request for Fund Transfer      "/>
  <testcase time="0" classname="Then ensure the fund transfer is complete with \&quot;$100 transferred successfully to Jim!!\&quot; message       " name="Then ensure the fund transfer is complete with \&quot;$100 transferred successfully to Jim!!\&quot; message       "/>
  <testcase time="0.001" classname="Scenario: Valid Payee  " name="Scenario: Valid Payee  "/>
  <testcase time="0" classname="Given the user is on Fund Transfer Page         " name="Given the user is on Fund Transfer Page         "/>
  <testcase time="0" classname="When he enters \&quot;Jack\&quot; as payee name          " name="When he enters \&quot;Jack\&quot; as payee name          "/>
  <testcase time="0" classname="And he enters \&quot;100\&quot; as amount           " name="And he enters \&quot;100\&quot; as amount           "/>
  <testcase time="0" classname="And he Submits request for Fund Transfer            " name="And he Submits request for Fund Transfer            "/>
  <testcase time="0" classname="Then ensure a transaction failure message \&quot;Transfer failed!! \&apos;Jack\&apos; is not registered in your List of Payees\&quot; is displayed             " name="Then ensure a transaction failure message \&quot;Transfer failed!! \&apos;Jack\&apos; is not registered in your List of Payees\&quot; is displayed             "/>
  <testcase time="0" classname="Scenario: Invalid Payee        " name="Scenario: Invalid Payee        "/>
  <testcase time="0" classname="Given the user is on Fund Transfer Page               " name="Given the user is on Fund Transfer Page               "/>
  <testcase time="0" classname="When he enters \&quot;Tim\&quot; as payee name                " name="When he enters \&quot;Tim\&quot; as payee name                "/>
  <testcase time="0" classname="And he enters \&quot;1000000\&quot; as amount                 " name="And he enters \&quot;1000000\&quot; as amount                 "/>
  <testcase time="0" classname="And he Submits request for Fund Transfer                  " name="And he Submits request for Fund Transfer                  "/>
  <testcase time="0" classname="Then ensure a transaction failure message \&quot;Transfer failed!! account cannot be overdrawn\&quot; is displayed                   " name="Then ensure a transaction failure message \&quot;Transfer failed!! account cannot be overdrawn\&quot; is displayed                   "/>
  <testcase time="0.001" classname="Scenario: Account is overdrawn past the overdraft limit              " name="Scenario: Account is overdrawn past the overdraft limit              "/>
  <testcase time="0.001" classname="Given the user is on Fund Transfer Page                     " name="Given the user is on Fund Transfer Page                     "/>
  <testcase time="0" classname="When he enters \&quot;\&quot; as payee name                      " name="When he enters \&quot;\&quot; as payee name                      "/>
  <testcase time="0" classname="And he enters \&quot;100\&quot; as amount                       " name="And he enters \&quot;100\&quot; as amount                       "/>
  <testcase time="0" classname="And he Submits request for Fund Transfer                        " name="And he Submits request for Fund Transfer                        "/>
  <testcase time="0" classname="Then ensure an edit message \&quot;Please enter a valid Payee name\&quot; is displayed                         " name="Then ensure an edit message \&quot;Please enter a valid Payee name\&quot; is displayed                         "/>
  <testcase time="0" classname="Scenario: Blank Payee                    " name="Scenario: Blank Payee                    "/>
  <testcase time="0" classname="Given the user is on Fund Transfer Page                           " name="Given the user is on Fund Transfer Page                           "/>
  <testcase time="0" classname="And he Submits request for Fund Transfer                            " name="And he Submits request for Fund Transfer                            "/>
  <testcase time="0" classname="Then ensure an edit message \&quot;Please enter a valid Payee name\&quot; is displayed                             " name="Then ensure an edit message \&quot;Please enter a valid Payee name\&quot; is displayed                             "/>
  <testcase time="0.002" classname="Scenario: Click on Transfer button without entering anything                          " name="Scenario: Click on Transfer button without entering anything                          "/>
  <testcase time="0" classname="Given the user is on Fund Transfer Page                               " name="Given the user is on Fund Transfer Page                               "/>
  <testcase time="0" classname="When he enters \&quot;Jim\&quot; as payee name                                " name="When he enters \&quot;Jim\&quot; as payee name                                "/>
  <testcase time="0" classname="And he enters \&quot;\&quot; as amount                                 " name="And he enters \&quot;\&quot; as amount                                 "/>
  <testcase time="0" classname="And he Submits request for Fund Transfer                                  " name="And he Submits request for Fund Transfer                                  "/>
  <testcase time="0" classname="Then ensure an edit message \&quot;Please a valid amount\&quot; is displayed                                   " name="Then ensure an edit message \&quot;Please a valid amount\&quot; is displayed                                   "/>
  <testcase time="0" classname="Scenario: Blank Amount                              " name="Scenario: Blank Amount                              "/>
  <testcase time="0" classname="Given the user is on Fund Transfer Page                                     " name="Given the user is on Fund Transfer Page                                     "/>
  <testcase time="0" classname="When he enters \&quot;Jim\&quot; as payee name                                      " name="When he enters \&quot;Jim\&quot; as payee name                                      "/>
  <testcase time="0" classname="And he enters \&quot;4$5@3\&quot; as amount                                       " name="And he enters \&quot;4$5@3\&quot; as amount                                       "/>
  <testcase time="0" classname="And he Submits request for Fund Transfer                                        " name="And he Submits request for Fund Transfer                                        "/>
  <testcase time="0" classname="Then ensure an edit message \&quot;Please a valid amount\&quot; is displayed                                         " name="Then ensure an edit message \&quot;Please a valid amount\&quot; is displayed                                         "/>
  <testcase time="0" classname="Scenario: Alphanumeric Amount                                    " name="Scenario: Alphanumeric Amount                                    "/>
</testsuite>